Using pre-set license
Built from '2021.3/staging' branch; Version is '2021.3.25f1 (68ef2c4f8861) revision 6876972'; Using compiler version '192829333'; Build Type 'Release'
OS: 'Windows 10  (10.0.19044) 64bit Professional' Language: 'de' Physical Memory: 16316 MB
BatchMode: 1, IsHumanControllingUs: 0, StartBugReporterOnCrash: 0, Is64bit: 1, IsPro: 1

COMMAND LINE ARGUMENTS:
C:\Program Files\Unity\Hub\Editor\2021.3.25f1\Editor\Unity.exe
-adb2
-batchMode
-noUpm
-name
AssetImportWorker0
-projectPath
C:/Users/Gabriel/Documents/GitHub/TDS/TDS-TK
-logFile
Logs/AssetImportWorker0.log
-srvPort
54673
Successfully changed project path to: C:/Users/Gabriel/Documents/GitHub/TDS/TDS-TK
C:/Users/Gabriel/Documents/GitHub/TDS/TDS-TK
[UnityMemory] Configuration Parameters - Can be set up in boot.config
    "memorysetup-bucket-allocator-granularity=16"
    "memorysetup-bucket-allocator-bucket-count=8"
    "memorysetup-bucket-allocator-block-size=33554432"
    "memorysetup-bucket-allocator-block-count=8"
    "memorysetup-main-allocator-block-size=16777216"
    "memorysetup-thread-allocator-block-size=16777216"
    "memorysetup-gfx-main-allocator-block-size=16777216"
    "memorysetup-gfx-thread-allocator-block-size=16777216"
    "memorysetup-cache-allocator-block-size=4194304"
    "memorysetup-typetree-allocator-block-size=2097152"
    "memorysetup-profiler-bucket-allocator-granularity=16"
    "memorysetup-profiler-bucket-allocator-bucket-count=8"
    "memorysetup-profiler-bucket-allocator-block-size=33554432"
    "memorysetup-profiler-bucket-allocator-block-count=8"
    "memorysetup-profiler-allocator-block-size=16777216"
    "memorysetup-profiler-editor-allocator-block-size=1048576"
    "memorysetup-temp-allocator-size-main=16777216"
    "memorysetup-job-temp-allocator-block-size=2097152"
    "memorysetup-job-temp-allocator-block-size-background=1048576"
    "memorysetup-job-temp-allocator-reduction-small-platforms=262144"
    "memorysetup-temp-allocator-size-background-worker=32768"
    "memorysetup-temp-allocator-size-job-worker=262144"
    "memorysetup-temp-allocator-size-preload-manager=33554432"
    "memorysetup-temp-allocator-size-nav-mesh-worker=65536"
    "memorysetup-temp-allocator-size-audio-worker=65536"
    "memorysetup-temp-allocator-size-cloud-worker=32768"
    "memorysetup-temp-allocator-size-gi-baking-worker=262144"
    "memorysetup-temp-allocator-size-gfx=262144"
Player connection [26764] Host "[IP] 192.168.2.136 [Port] 0 [Flags] 2 [Guid] 3929231315 [EditorId] 3929231315 [Version] 1048832 [Id] WindowsEditor(7,Alfred) [Debug] 1 [PackageName] WindowsEditor [ProjectName] Editor" joined multi-casting on [225.0.0.222:54997]...

Player connection [26764] Host "[IP] 192.168.2.136 [Port] 0 [Flags] 2 [Guid] 3929231315 [EditorId] 3929231315 [Version] 1048832 [Id] WindowsEditor(7,Alfred) [Debug] 1 [PackageName] WindowsEditor [ProjectName] Editor" joined alternative multi-casting on [225.0.0.222:34997]...

Refreshing native plugins compatible for Editor in 86.89 ms, found 3 plugins.
Preloading 0 native plugins for Editor in 0.00 ms.
Initialize engine version: 2021.3.25f1 (68ef2c4f8861)
[Subsystems] Discovering subsystems at path C:/Program Files/Unity/Hub/Editor/2021.3.25f1/Editor/Data/Resources/UnitySubsystems
[Subsystems] Discovering subsystems at path C:/Users/Gabriel/Documents/GitHub/TDS/TDS-TK/Assets
GfxDevice: creating device client; threaded=0; jobified=0
Direct3D:
    Version:  Direct3D 11.0 [level 11.1]
    Renderer: NVIDIA GeForce RTX 2070 SUPER (ID=0x1e84)
    Vendor:   NVIDIA
    VRAM:     8003 MB
    Driver:   31.0.15.3179
Initialize mono
Mono path[0] = 'C:/Program Files/Unity/Hub/Editor/2021.3.25f1/Editor/Data/Managed'
Mono path[1] = 'C:/Program Files/Unity/Hub/Editor/2021.3.25f1/Editor/Data/MonoBleedingEdge/lib/mono/unityjit-win32'
Mono config path = 'C:/Program Files/Unity/Hub/Editor/2021.3.25f1/Editor/Data/MonoBleedingEdge/etc'
Using monoOptions --debugger-agent=transport=dt_socket,embedding=1,server=y,suspend=n,address=127.0.0.1:56636
Begin MonoManager ReloadAssembly
Registering precompiled unity dll's ...
Register platform support module: C:/Program Files/Unity/Hub/Editor/2021.3.25f1/Editor/Data/PlaybackEngines/WebGLSupport/UnityEditor.WebGL.Extensions.dll
Register platform support module: C:/Program Files/Unity/Hub/Editor/2021.3.25f1/Editor/Data/PlaybackEngines/AndroidPlayer/UnityEditor.Android.Extensions.dll
Register platform support module: C:/Program Files/Unity/Hub/Editor/2021.3.25f1/Editor/Data/PlaybackEngines/iOSSupport/UnityEditor.iOS.Extensions.dll
Register platform support module: C:/Program Files/Unity/Hub/Editor/2021.3.25f1/Editor/Data/PlaybackEngines/WindowsStandaloneSupport/UnityEditor.WindowsStandalone.Extensions.dll
Register platform support module: C:/Program Files/Unity/Hub/Editor/2021.3.25f1/Editor/Data/PlaybackEngines/MetroSupport/UnityEditor.UWP.Extensions.dll
Registered in 0.009596 seconds.
Native extension for UWP target not found
Native extension for WindowsStandalone target not found
[usbmuxd] Start listen thread
[usbmuxd] Listen thread started
Native extension for iOS target not found
Native extension for Android target not found
Android Extension - Scanning For ADB Devices 235 ms
Native extension for WebGL target not found
Refreshing native plugins compatible for Editor in 90.81 ms, found 3 plugins.
Preloading 0 native plugins for Editor in 0.00 ms.
Mono: successfully reloaded assembly
- Completed reload, in  1.009 seconds
Domain Reload Profiling:
	ReloadAssembly (1010ms)
		BeginReloadAssembly (91ms)
			ExecutionOrderSort (0ms)
			DisableScriptedObjects (0ms)
			BackupInstance (0ms)
			ReleaseScriptingObjects (0ms)
			CreateAndSetChildDomain (1ms)
		EndReloadAssembly (810ms)
			LoadAssemblies (90ms)
			RebuildTransferFunctionScriptingTraits (0ms)
			SetupTypeCache (123ms)
			ReleaseScriptCaches (0ms)
			RebuildScriptCaches (33ms)
			SetupLoadedEditorAssemblies (594ms)
				LogAssemblyErrors (0ms)
				InitializePlatformSupportModulesInManaged (362ms)
				SetLoadedEditorAssemblies (0ms)
				RefreshPlugins (91ms)
				BeforeProcessingInitializeOnLoad (1ms)
				ProcessInitializeOnLoadAttributes (95ms)
				ProcessInitializeOnLoadMethodAttributes (46ms)
				AfterProcessingInitializeOnLoad (0ms)
				EditorAssembliesLoaded (0ms)
			ExecutionOrderSort2 (0ms)
			AwakeInstancesAfterBackupRestoration (0ms)
Platform modules already initialized, skipping
Registering precompiled user dll's ...
Registered in 0.007829 seconds.
Begin MonoManager ReloadAssembly
Symbol file LoadedFromMemory doesn't match image C:\Users\Gabriel\Documents\GitHub\TDS\TDS-TK\Library\PackageCache\com.unity.visualscripting@1.8.0\Editor\VisualScripting.Core\Dependencies\YamlDotNet\Unity.VisualScripting.YamlDotNet.dll
Symbol file LoadedFromMemory doesn't match image C:\Users\Gabriel\Documents\GitHub\TDS\TDS-TK\Library\PackageCache\com.unity.visualscripting@1.8.0\Editor\VisualScripting.Core\Dependencies\DotNetZip\Unity.VisualScripting.IonicZip.dll
Native extension for UWP target not found
Native extension for WindowsStandalone target not found
Native extension for iOS target not found
Native extension for Android target not found
Native extension for WebGL target not found
Refreshing native plugins compatible for Editor in 0.57 ms, found 3 plugins.
Preloading 0 native plugins for Editor in 0.00 ms.
Mono: successfully reloaded assembly
- Completed reload, in  1.135 seconds
Domain Reload Profiling:
	ReloadAssembly (1136ms)
		BeginReloadAssembly (140ms)
			ExecutionOrderSort (0ms)
			DisableScriptedObjects (10ms)
			BackupInstance (0ms)
			ReleaseScriptingObjects (0ms)
			CreateAndSetChildDomain (19ms)
		EndReloadAssembly (879ms)
			LoadAssemblies (102ms)
			RebuildTransferFunctionScriptingTraits (0ms)
			SetupTypeCache (294ms)
			ReleaseScriptCaches (1ms)
			RebuildScriptCaches (57ms)
			SetupLoadedEditorAssemblies (375ms)
				LogAssemblyErrors (0ms)
				InitializePlatformSupportModulesInManaged (39ms)
				SetLoadedEditorAssemblies (0ms)
				RefreshPlugins (1ms)
				BeforeProcessingInitializeOnLoad (92ms)
				ProcessInitializeOnLoadAttributes (215ms)
				ProcessInitializeOnLoadMethodAttributes (20ms)
				AfterProcessingInitializeOnLoad (8ms)
				EditorAssembliesLoaded (0ms)
			ExecutionOrderSort2 (0ms)
			AwakeInstancesAfterBackupRestoration (8ms)
Platform modules already initialized, skipping
========================================================================
Worker process is ready to serve import requests
Launched and connected shader compiler UnityShaderCompiler.exe after 0.04 seconds
Refreshing native plugins compatible for Editor in 0.50 ms, found 3 plugins.
Preloading 0 native plugins for Editor in 0.00 ms.
Unloading 3218 Unused Serialized files (Serialized files now loaded: 0)
Unloading 25 unused Assets / (342.9 KB). Loaded Objects now: 3690.
Memory consumption went from 120.0 MB to 119.6 MB.
Total: 2.791600 ms (FindLiveObjects: 0.241000 ms CreateObjectMapping: 0.164800 ms MarkObjects: 2.276400 ms  DeleteObjects: 0.108600 ms)

AssetImportParameters requested are different than current active one (requested -> active):
  custom:video-decoder-ogg-theora: a1e56fd34408186e4bbccfd4996cb3dc -> 
  custom:container-muxer-webm: aa71ff27fc2769a1b78a27578f13a17b -> 
  custom:container-demuxer-webm: 4f35f7cbe854078d1ac9338744f61a02 -> 
  custom:video-encoder-webm-vp8: eb34c28f22e8b96e1ab97ce403110664 -> 
  custom:audio-encoder-webm-vorbis: bf7c407c2cedff20999df2af8eb42d56 -> 
  custom:framework-win-MediaFoundation: 216162199b28c13a410421893ffa2e32 -> 
  custom:container-demuxer-ogg: 62fdf1f143b41e24485cea50d1cbac27 -> 
  custom:video-decoder-webm-vp8: 9c59270c3fd7afecdb556c50c9e8de78 -> 
  custom:audio-decoder-ogg-vorbis: bf7c407c2cedff20999df2af8eb42d56 -> 
========================================================================
Received Import Request.
  Time since last request: 1797235.447349 seconds.
  path: Assets/TDSTK/Scenes/DemoArenaNavMesh/SkyboxProbe-0.exr
  artifactKey: Guid(aa5cf105f1a1f6043b6667811c5d377c) Importer(815301076,1909f56bfc062723c751e8b465ee728b)
Start importing Assets/TDSTK/Scenes/DemoArenaNavMesh/SkyboxProbe-0.exr using Guid(aa5cf105f1a1f6043b6667811c5d377c) Importer(815301076,1909f56bfc062723c751e8b465ee728b)  -> (artifact id: 'b9ce43465b6748e5c05437c5683f7cb0') in 0.121786 seconds 
========================================================================
Received Import Request.
  Time since last request: 0.000024 seconds.
  path: Assets/TDSTK/Scenes/_DemoMenu/SkyboxProbe-0.exr
  artifactKey: Guid(8e1a0fcbec31f8449ae61c6d1a812c6a) Importer(815301076,1909f56bfc062723c751e8b465ee728b)
Start importing Assets/TDSTK/Scenes/_DemoMenu/SkyboxProbe-0.exr using Guid(8e1a0fcbec31f8449ae61c6d1a812c6a) Importer(815301076,1909f56bfc062723c751e8b465ee728b)  -> (artifact id: '92e34c785d255d7603273f07eed56a50') in 0.028326 seconds 
========================================================================
Received Import Request.
  Time since last request: 0.253680 seconds.
  path: Assets/TDSTK/Scenes/_DemoMenu/Materials/SkyboxProbe-0.mat
  artifactKey: Guid(c98fa3f53f89dd74387a107493864f50) Importer(815301076,1909f56bfc062723c751e8b465ee728b)
Start importing Assets/TDSTK/Scenes/_DemoMenu/Materials/SkyboxProbe-0.mat using Guid(c98fa3f53f89dd74387a107493864f50) Importer(815301076,1909f56bfc062723c751e8b465ee728b)  -> (artifact id: 'fae7126759fc078bd7b8e649d0f70a94') in 0.034728 seconds 
========================================================================
Received Prepare
Registering precompiled user dll's ...
Registered in 0.041872 seconds.
Begin MonoManager ReloadAssembly
Symbol file LoadedFromMemory doesn't match image C:\Users\Gabriel\Documents\GitHub\TDS\TDS-TK\Library\PackageCache\com.unity.visualscripting@1.8.0\Editor\VisualScripting.Core\Dependencies\YamlDotNet\Unity.VisualScripting.YamlDotNet.dll
Symbol file LoadedFromMemory doesn't match image C:\Users\Gabriel\Documents\GitHub\TDS\TDS-TK\Library\PackageCache\com.unity.visualscripting@1.8.0\Editor\VisualScripting.Core\Dependencies\DotNetZip\Unity.VisualScripting.IonicZip.dll
Native extension for UWP target not found
Native extension for WindowsStandalone target not found
Native extension for iOS target not found
Native extension for Android target not found
Native extension for WebGL target not found
Refreshing native plugins compatible for Editor in 0.83 ms, found 3 plugins.
Preloading 0 native plugins for Editor in 0.00 ms.
Mono: successfully reloaded assembly
- Completed reload, in  3.715 seconds
Domain Reload Profiling:
	ReloadAssembly (3719ms)
		BeginReloadAssembly (899ms)
			ExecutionOrderSort (0ms)
			DisableScriptedObjects (43ms)
			BackupInstance (0ms)
			ReleaseScriptingObjects (0ms)
			CreateAndSetChildDomain (266ms)
		EndReloadAssembly (2575ms)
			LoadAssemblies (419ms)
			RebuildTransferFunctionScriptingTraits (3ms)
			SetupTypeCache (710ms)
			ReleaseScriptCaches (4ms)
			RebuildScriptCaches (105ms)
			SetupLoadedEditorAssemblies (1256ms)
				LogAssemblyErrors (0ms)
				InitializePlatformSupportModulesInManaged (181ms)
				SetLoadedEditorAssemblies (4ms)
				RefreshPlugins (1ms)
				BeforeProcessingInitializeOnLoad (187ms)
				ProcessInitializeOnLoadAttributes (820ms)
				ProcessInitializeOnLoadMethodAttributes (46ms)
				AfterProcessingInitializeOnLoad (16ms)
				EditorAssembliesLoaded (0ms)
			ExecutionOrderSort2 (0ms)
			AwakeInstancesAfterBackupRestoration (21ms)
Platform modules already initialized, skipping
Refreshing native plugins compatible for Editor in 5.49 ms, found 3 plugins.
Preloading 0 native plugins for Editor in 0.00 ms.
Unloading 3209 Unused Serialized files (Serialized files now loaded: 0)
Unloading 18 unused Assets / (82.3 KB). Loaded Objects now: 3735.
Memory consumption went from 119.5 MB to 119.4 MB.
Total: 14.777400 ms (FindLiveObjects: 4.849300 ms CreateObjectMapping: 0.487400 ms MarkObjects: 8.285500 ms  DeleteObjects: 1.153000 ms)

AssetImportParameters requested are different than current active one (requested -> active):
  custom:video-decoder-ogg-theora: a1e56fd34408186e4bbccfd4996cb3dc -> 
  custom:container-muxer-webm: aa71ff27fc2769a1b78a27578f13a17b -> 
  custom:container-demuxer-webm: 4f35f7cbe854078d1ac9338744f61a02 -> 
  custom:video-encoder-webm-vp8: eb34c28f22e8b96e1ab97ce403110664 -> 
  custom:audio-encoder-webm-vorbis: bf7c407c2cedff20999df2af8eb42d56 -> 
  custom:framework-win-MediaFoundation: 216162199b28c13a410421893ffa2e32 -> 
  custom:container-demuxer-ogg: 62fdf1f143b41e24485cea50d1cbac27 -> 
  custom:video-decoder-webm-vp8: 9c59270c3fd7afecdb556c50c9e8de78 -> 
  custom:audio-decoder-ogg-vorbis: bf7c407c2cedff20999df2af8eb42d56 -> 
========================================================================
Received Import Request.
  Time since last request: 3230.462885 seconds.
  path: Assets/TDSTK/Prefabs/EffectObjects/AbilityHitEffect.prefab
  artifactKey: Guid(6d280e9afeb61084285e48e5c0179003) Importer(815301076,1909f56bfc062723c751e8b465ee728b)
Start importing Assets/TDSTK/Prefabs/EffectObjects/AbilityHitEffect.prefab using Guid(6d280e9afeb61084285e48e5c0179003) Importer(815301076,1909f56bfc062723c751e8b465ee728b)  -> (artifact id: '9409ceca738ce814b0c0467d13f470b6') in 0.239605 seconds 
========================================================================
Received Import Request.
  Time since last request: 0.000041 seconds.
  path: Assets/TDSTK/Prefabs/Collectibles/Collectible_Slow.prefab
  artifactKey: Guid(4e8d090e4b585324eb3f609d4ebca8d7) Importer(815301076,1909f56bfc062723c751e8b465ee728b)
Start importing Assets/TDSTK/Prefabs/Collectibles/Collectible_Slow.prefab using Guid(4e8d090e4b585324eb3f609d4ebca8d7) Importer(815301076,1909f56bfc062723c751e8b465ee728b)  -> (artifact id: '7bdeeb5bf8d74d8cdbcd1ff06f5a9404') in 0.059948 seconds 
========================================================================
Received Import Request.
  Time since last request: 0.000041 seconds.
  path: Assets/TDSTK/Prefabs/Collectibles/Collectible_Weapon/Collectible_WepMG.prefab
  artifactKey: Guid(684a5d358f26b884db3a9941cad550cc) Importer(815301076,1909f56bfc062723c751e8b465ee728b)
Start importing Assets/TDSTK/Prefabs/Collectibles/Collectible_Weapon/Collectible_WepMG.prefab using Guid(684a5d358f26b884db3a9941cad550cc) Importer(815301076,1909f56bfc062723c751e8b465ee728b)  -> (artifact id: '46fef5ef386abb7a2ec23660473fcfc1') in 0.139364 seconds 
========================================================================
Received Import Request.
  Time since last request: 0.000024 seconds.
  path: Assets/TDSTK/Prefabs/Collectibles/Collectible_Weapon/Collectible_WepPlasma.prefab
  artifactKey: Guid(75b68158e326a8146a8294ec9b8aafec) Importer(815301076,1909f56bfc062723c751e8b465ee728b)
Start importing Assets/TDSTK/Prefabs/Collectibles/Collectible_Weapon/Collectible_WepPlasma.prefab using Guid(75b68158e326a8146a8294ec9b8aafec) Importer(815301076,1909f56bfc062723c751e8b465ee728b)  -> (artifact id: 'eaef2209b278764f386c3ce6636c611e') in 0.056249 seconds 
========================================================================
Received Import Request.
  Time since last request: 0.000028 seconds.
  path: Assets/TDSTK/Prefabs/Collectibles/Collectible_Life_Move.prefab
  artifactKey: Guid(d5dd5c74da9a0d74fa5fb57d11d44b7d) Importer(815301076,1909f56bfc062723c751e8b465ee728b)
Start importing Assets/TDSTK/Prefabs/Collectibles/Collectible_Life_Move.prefab using Guid(d5dd5c74da9a0d74fa5fb57d11d44b7d) Importer(815301076,1909f56bfc062723c751e8b465ee728b)  -> (artifact id: '4c833b02e2bd757ef54f54bbc9db206e') in 0.063079 seconds 
========================================================================
Received Import Request.
  Time since last request: 0.000028 seconds.
  path: Assets/TDSTK/Prefabs/Collectibles/Collectible_WeaponRandom_Move.prefab
  artifactKey: Guid(147e3053ee6a30f49b4904875df90c7f) Importer(815301076,1909f56bfc062723c751e8b465ee728b)
Start importing Assets/TDSTK/Prefabs/Collectibles/Collectible_WeaponRandom_Move.prefab using Guid(147e3053ee6a30f49b4904875df90c7f) Importer(815301076,1909f56bfc062723c751e8b465ee728b)  -> (artifact id: 'baf49ba17eab6ca39c1737186cdccada') in 0.061511 seconds 
========================================================================
Received Import Request.
  Time since last request: 0.000023 seconds.
  path: Assets/TDSTK/Prefabs/EffectObjects/DestroyedEffect_Wall.prefab
  artifactKey: Guid(71413d09c50288f469f327daf8b76674) Importer(815301076,1909f56bfc062723c751e8b465ee728b)
Start importing Assets/TDSTK/Prefabs/EffectObjects/DestroyedEffect_Wall.prefab using Guid(71413d09c50288f469f327daf8b76674) Importer(815301076,1909f56bfc062723c751e8b465ee728b)  -> (artifact id: '6dd35247bdf68fac9a44af4d2c05d73d') in 0.031712 seconds 
========================================================================
Received Import Request.
  Time since last request: 0.000028 seconds.
  path: Assets/Zombie/Animations/Zombie@Z_Walk_InPlace.FBX
  artifactKey: Guid(165698eac7ca81041ad603fc5a3afa55) Importer(815301076,1909f56bfc062723c751e8b465ee728b)
Start importing Assets/Zombie/Animations/Zombie@Z_Walk_InPlace.FBX using Guid(165698eac7ca81041ad603fc5a3afa55) Importer(815301076,1909f56bfc062723c751e8b465ee728b)  -> (artifact id: '5fd480f10f92c702b5eca6667890056d') in 0.454280 seconds 
========================================================================
Received Import Request.
  Time since last request: 0.000027 seconds.
  path: Assets/AllSkyFree/Epic_BlueSunset/Epic_BlueSunset Equirect.mat
  artifactKey: Guid(cdbb40e11399e4a17882ada20a1b896a) Importer(815301076,1909f56bfc062723c751e8b465ee728b)
Start importing Assets/AllSkyFree/Epic_BlueSunset/Epic_BlueSunset Equirect.mat using Guid(cdbb40e11399e4a17882ada20a1b896a) Importer(815301076,1909f56bfc062723c751e8b465ee728b)  -> (artifact id: 'f117ccb307f258aea944bef89b0713d1') in 0.091442 seconds 
========================================================================
Received Import Request.
  Time since last request: 0.000038 seconds.
  path: Assets/AllSkyFree/Night MoonBurst/AllSky_Night_MoonBurst Equirect.mat
  artifactKey: Guid(51b74d7bad397457d883c5940f7664d8) Importer(815301076,1909f56bfc062723c751e8b465ee728b)
Start importing Assets/AllSkyFree/Night MoonBurst/AllSky_Night_MoonBurst Equirect.mat using Guid(51b74d7bad397457d883c5940f7664d8) Importer(815301076,1909f56bfc062723c751e8b465ee728b)  -> (artifact id: '60767bafe121a355496f64102dc6c569') in 0.071299 seconds 
========================================================================
Received Import Request.
  Time since last request: 0.000025 seconds.
  path: Assets/AllSkyFree/Deep Dusk/Deep Dusk Equirect.mat
  artifactKey: Guid(c82a334cf5a5e47978749c210cee72a7) Importer(815301076,1909f56bfc062723c751e8b465ee728b)
Start importing Assets/AllSkyFree/Deep Dusk/Deep Dusk Equirect.mat using Guid(c82a334cf5a5e47978749c210cee72a7) Importer(815301076,1909f56bfc062723c751e8b465ee728b)  -> (artifact id: '1bfc36ddfbd7607625d6b7ae6c12bf1a') in 0.072897 seconds 
========================================================================
Received Import Request.
  Time since last request: 0.000023 seconds.
  path: Assets/AllSkyFree/Cold Night/Cold Night Equirect.mat
  artifactKey: Guid(eac2ef371405749e0bd050b4c3272f16) Importer(815301076,1909f56bfc062723c751e8b465ee728b)
Start importing Assets/AllSkyFree/Cold Night/Cold Night Equirect.mat using Guid(eac2ef371405749e0bd050b4c3272f16) Importer(815301076,1909f56bfc062723c751e8b465ee728b)  -> (artifact id: 'c6d32a2fd921f6a32a018c0e9b063d05') in 0.065579 seconds 
========================================================================
Received Import Request.
  Time since last request: 0.000026 seconds.
  path: Assets/AllSkyFree/Space_AnotherPlanet/AllSky_Space_AnotherPlanet.mat
  artifactKey: Guid(656058fe318eb48558d21d66d1a79a2b) Importer(815301076,1909f56bfc062723c751e8b465ee728b)
Start importing Assets/AllSkyFree/Space_AnotherPlanet/AllSky_Space_AnotherPlanet.mat using Guid(656058fe318eb48558d21d66d1a79a2b) Importer(815301076,1909f56bfc062723c751e8b465ee728b)  -> (artifact id: 'bf4388fe7e81bbe4a418066477037d10') in 0.216350 seconds 
========================================================================
Received Import Request.
  Time since last request: 0.000043 seconds.
  path: Assets/AllSkyFree/Deep Dusk/Materials/Deep Dusk__Cam_0_Front+Z.mat
  artifactKey: Guid(37ea907c745024a4192c88bab0bd71a7) Importer(815301076,1909f56bfc062723c751e8b465ee728b)
Start importing Assets/AllSkyFree/Deep Dusk/Materials/Deep Dusk__Cam_0_Front+Z.mat using Guid(37ea907c745024a4192c88bab0bd71a7) Importer(815301076,1909f56bfc062723c751e8b465ee728b)  -> (artifact id: '4b74f6bbf7233f01e5210447c00497a1') in 0.061705 seconds 
========================================================================
Received Import Request.
  Time since last request: 0.000031 seconds.
  path: Assets/TDSTK/Prefabs/Destructible/Block_2x2.prefab
  artifactKey: Guid(1a42e9b1ab51fd343ab1e2cadd86c1ad) Importer(815301076,1909f56bfc062723c751e8b465ee728b)
Start importing Assets/TDSTK/Prefabs/Destructible/Block_2x2.prefab using Guid(1a42e9b1ab51fd343ab1e2cadd86c1ad) Importer(815301076,1909f56bfc062723c751e8b465ee728b)  -> (artifact id: 'fee14f18b3535e5a9d03841ad25f3370') in 0.044362 seconds 
========================================================================
Received Import Request.
  Time since last request: 0.000624 seconds.
  path: Assets/TDSTK/Prefabs/Collectibles/Collectible_HitPoint.prefab
  artifactKey: Guid(e1f7ac2b4f54e2d439d8523d0744e7dc) Importer(815301076,1909f56bfc062723c751e8b465ee728b)
Start importing Assets/TDSTK/Prefabs/Collectibles/Collectible_HitPoint.prefab using Guid(e1f7ac2b4f54e2d439d8523d0744e7dc) Importer(815301076,1909f56bfc062723c751e8b465ee728b)  -> (artifact id: '2a1c842ae99c671f20bfa674aa820bfa') in 0.056935 seconds 
========================================================================
Received Import Request.
  Time since last request: 0.000019 seconds.
  path: Assets/TDSTK/Prefabs/Collectibles/Collectible_CriticalBoost.prefab
  artifactKey: Guid(b4f774f35a6434d47a91e14a1b18e5e7) Importer(815301076,1909f56bfc062723c751e8b465ee728b)
Start importing Assets/TDSTK/Prefabs/Collectibles/Collectible_CriticalBoost.prefab using Guid(b4f774f35a6434d47a91e14a1b18e5e7) Importer(815301076,1909f56bfc062723c751e8b465ee728b)  -> (artifact id: '61a4c53fe04b5d0acdeec9a87101a64a') in 0.076780 seconds 
========================================================================
Received Import Request.
  Time since last request: 0.000023 seconds.
  path: Assets/TDSTK/Prefabs/Collectibles/Collectible_Shield.prefab
  artifactKey: Guid(376909417189eb542b1fdf05778ea0a6) Importer(815301076,1909f56bfc062723c751e8b465ee728b)
Start importing Assets/TDSTK/Prefabs/Collectibles/Collectible_Shield.prefab using Guid(376909417189eb542b1fdf05778ea0a6) Importer(815301076,1909f56bfc062723c751e8b465ee728b)  -> (artifact id: '4fd69dca79c6fb331b974f5899e1cca6') in 0.078937 seconds 
========================================================================
Received Import Request.
  Time since last request: 0.000036 seconds.
  path: Assets/TDSTK/Textures&Materials/Aura1.mat
  artifactKey: Guid(5f3c849fba2999d4b862941a220dfc11) Importer(815301076,1909f56bfc062723c751e8b465ee728b)
Start importing Assets/TDSTK/Textures&Materials/Aura1.mat using Guid(5f3c849fba2999d4b862941a220dfc11) Importer(815301076,1909f56bfc062723c751e8b465ee728b)  -> (artifact id: 'a9d54963bf6e57b2af072b3fdb199e32') in 0.043171 seconds 
========================================================================
Received Import Request.
  Time since last request: 0.000025 seconds.
  path: Assets/TDSTK/Textures&Materials/Blade.mat
  artifactKey: Guid(d94c1884a9f4851468447fe4e17686d4) Importer(815301076,1909f56bfc062723c751e8b465ee728b)
Start importing Assets/TDSTK/Textures&Materials/Blade.mat using Guid(d94c1884a9f4851468447fe4e17686d4) Importer(815301076,1909f56bfc062723c751e8b465ee728b)  -> (artifact id: '72c52c90eceb03c5e6c898b96ff02404') in 0.067954 seconds 
========================================================================
Received Import Request.
  Time since last request: 0.000023 seconds.
  path: Assets/TDSTK/Icons/Materials/Aim.mat
  artifactKey: Guid(9118f7b95335ee7459e34e0168a3a34b) Importer(815301076,1909f56bfc062723c751e8b465ee728b)
Start importing Assets/TDSTK/Icons/Materials/Aim.mat using Guid(9118f7b95335ee7459e34e0168a3a34b) Importer(815301076,1909f56bfc062723c751e8b465ee728b)  -> (artifact id: '5a6aa42df236614a8676201004142c0f') in 0.055692 seconds 
========================================================================
Received Import Request.
  Time since last request: 0.000028 seconds.
  path: Assets/TDSTK/Prefabs/Collectibles/Collectible_Score.prefab
  artifactKey: Guid(5ed0dc026583269468be2b3f12f4778d) Importer(815301076,1909f56bfc062723c751e8b465ee728b)
Start importing Assets/TDSTK/Prefabs/Collectibles/Collectible_Score.prefab using Guid(5ed0dc026583269468be2b3f12f4778d) Importer(815301076,1909f56bfc062723c751e8b465ee728b)  -> (artifact id: 'efec47a73cdfc3c73470f00054dbf2db') in 0.054118 seconds 
========================================================================
Received Import Request.
  Time since last request: 0.001788 seconds.
  path: Assets/AllSkyFree/Cartoon Base NightSky/Cartoon Base NightSky.mat
  artifactKey: Guid(aa78c8d403a8547fe86d1f74239e6b03) Importer(815301076,1909f56bfc062723c751e8b465ee728b)
Start importing Assets/AllSkyFree/Cartoon Base NightSky/Cartoon Base NightSky.mat using Guid(aa78c8d403a8547fe86d1f74239e6b03) Importer(815301076,1909f56bfc062723c751e8b465ee728b)  -> (artifact id: '00159767fb4d171c87eb1daf199e06e2') in 0.130737 seconds 
========================================================================
Received Import Request.
  Time since last request: 0.000029 seconds.
  path: Assets/AllSkyFree/Overcast Low/AllSky_Overcast4_Low Equirect.mat
  artifactKey: Guid(54fe2f000ad8f424fb63cc3ea0ae2bb2) Importer(815301076,1909f56bfc062723c751e8b465ee728b)
Start importing Assets/AllSkyFree/Overcast Low/AllSky_Overcast4_Low Equirect.mat using Guid(54fe2f000ad8f424fb63cc3ea0ae2bb2) Importer(815301076,1909f56bfc062723c751e8b465ee728b)  -> (artifact id: 'ab02c8234cceda44b8f699556014a375') in 0.092022 seconds 
========================================================================
Received Import Request.
  Time since last request: 0.000047 seconds.
  path: Assets/TDSTK/Textures&Materials/EnergyBolt.mat
  artifactKey: Guid(03fa2431418c079488d3e9afee141a63) Importer(815301076,1909f56bfc062723c751e8b465ee728b)
Start importing Assets/TDSTK/Textures&Materials/EnergyBolt.mat using Guid(03fa2431418c079488d3e9afee141a63) Importer(815301076,1909f56bfc062723c751e8b465ee728b)  -> (artifact id: '3acc7a3517982a08999cd418fe53dda7') in 0.041093 seconds 
========================================================================
Received Import Request.
  Time since last request: 0.000066 seconds.
  path: Assets/TDSTK/Prefabs/EffectObjects/CltEffectCross.prefab
  artifactKey: Guid(a183cf997f1ec1a489e9a9cd36e26d53) Importer(815301076,1909f56bfc062723c751e8b465ee728b)
Start importing Assets/TDSTK/Prefabs/EffectObjects/CltEffectCross.prefab using Guid(a183cf997f1ec1a489e9a9cd36e26d53) Importer(815301076,1909f56bfc062723c751e8b465ee728b)  -> (artifact id: '12b84ea77e1efaeffea1f15446751a5e') in 0.056133 seconds 
========================================================================
Received Import Request.
  Time since last request: 0.000440 seconds.
  path: Assets/TDSTK/Prefabs/Collectibles/Collectible_Ammo.prefab
  artifactKey: Guid(b7704cc083826bf4e96472ba5abe30d0) Importer(815301076,1909f56bfc062723c751e8b465ee728b)
Start importing Assets/TDSTK/Prefabs/Collectibles/Collectible_Ammo.prefab using Guid(b7704cc083826bf4e96472ba5abe30d0) Importer(815301076,1909f56bfc062723c751e8b465ee728b)  -> (artifact id: 'aaa51d4e20090db94d0782e421b07b8a') in 0.043653 seconds 
========================================================================
Received Import Request.
  Time since last request: 0.000029 seconds.
  path: Assets/TDSTK/Prefabs/Collectibles/Collectible_Weapon/Collectible_WepShotgun.prefab
  artifactKey: Guid(13e61e8526480684691d3641991fe9e4) Importer(815301076,1909f56bfc062723c751e8b465ee728b)
Start importing Assets/TDSTK/Prefabs/Collectibles/Collectible_Weapon/Collectible_WepShotgun.prefab using Guid(13e61e8526480684691d3641991fe9e4) Importer(815301076,1909f56bfc062723c751e8b465ee728b)  -> (artifact id: '00a70bb86e8de9e823dfb1f5f83e6260') in 0.055175 seconds 
========================================================================
Received Import Request.
  Time since last request: 0.000026 seconds.
  path: Assets/TDSTK/Standard Assets/Prototyping/Models/PillarPrototype02x08x02.fbx
  artifactKey: Guid(66a13889798137c498eae4b3acdafe19) Importer(815301076,1909f56bfc062723c751e8b465ee728b)
Start importing Assets/TDSTK/Standard Assets/Prototyping/Models/PillarPrototype02x08x02.fbx using Guid(66a13889798137c498eae4b3acdafe19) Importer(815301076,1909f56bfc062723c751e8b465ee728b)  -> (artifact id: '8c9d383d84f222b99bb146fa09e7ba37') in 0.127502 seconds 
========================================================================
Received Import Request.
  Time since last request: 0.000030 seconds.
  path: Assets/AllSkyFree/Cartoon Base BlueSky/Day_BlueSky_Nothing Equirect.mat
  artifactKey: Guid(73324b55f67f54c7bbf43204788b8bbe) Importer(815301076,1909f56bfc062723c751e8b465ee728b)
Start importing Assets/AllSkyFree/Cartoon Base BlueSky/Day_BlueSky_Nothing Equirect.mat using Guid(73324b55f67f54c7bbf43204788b8bbe) Importer(815301076,1909f56bfc062723c751e8b465ee728b)  -> (artifact id: '2ed7e94372a940bea541370b59c52d44') in 0.069792 seconds 
========================================================================
Received Import Request.
  Time since last request: 0.000035 seconds.
  path: Assets/AllSkyFree/Overcast Low/AllSky_Overcast4_Low.mat
  artifactKey: Guid(f2b5f3f20933f434e850db1b710542fd) Importer(815301076,1909f56bfc062723c751e8b465ee728b)
Start importing Assets/AllSkyFree/Overcast Low/AllSky_Overcast4_Low.mat using Guid(f2b5f3f20933f434e850db1b710542fd) Importer(815301076,1909f56bfc062723c751e8b465ee728b)  -> (artifact id: 'd76d8e1ec906a89bf9a5198178666a1a') in 0.118948 seconds 
========================================================================
Received Import Request.
  Time since last request: 0.000033 seconds.
  path: Assets/TDSTK/Prefabs/EffectObjects/CltEffectShockWave.prefab
  artifactKey: Guid(76665628e08d7eb45bd8310353f319e3) Importer(815301076,1909f56bfc062723c751e8b465ee728b)
Start importing Assets/TDSTK/Prefabs/EffectObjects/CltEffectShockWave.prefab using Guid(76665628e08d7eb45bd8310353f319e3) Importer(815301076,1909f56bfc062723c751e8b465ee728b)  -> (artifact id: 'a59403193291d1451052e63c110fc804') in 0.029968 seconds 
========================================================================
Received Import Request.
  Time since last request: 0.000027 seconds.
  path: Assets/TDSTK/Icons/Materials/Ammo.mat
  artifactKey: Guid(fba9c397b103ba5439880b1b27eb0835) Importer(815301076,1909f56bfc062723c751e8b465ee728b)
Start importing Assets/TDSTK/Icons/Materials/Ammo.mat using Guid(fba9c397b103ba5439880b1b27eb0835) Importer(815301076,1909f56bfc062723c751e8b465ee728b)  -> (artifact id: '230e9ff3e18eaea121e0a820c73d45f3') in 0.028452 seconds 
========================================================================
Received Import Request.
  Time since last request: 0.000037 seconds.
  path: Assets/TDSTK/Prefabs/Collectibles/Collectible_Weapon/Collectible_WepMissile.prefab
  artifactKey: Guid(b38a6c1d59e69724e814a22a4f0ae98e) Importer(815301076,1909f56bfc062723c751e8b465ee728b)
Start importing Assets/TDSTK/Prefabs/Collectibles/Collectible_Weapon/Collectible_WepMissile.prefab using Guid(b38a6c1d59e69724e814a22a4f0ae98e) Importer(815301076,1909f56bfc062723c751e8b465ee728b)  -> (artifact id: '1bf1560ca7f99d5421fc5b92b00e47aa') in 0.065738 seconds 
========================================================================
Received Import Request.
  Time since last request: 0.000028 seconds.
  path: Assets/TDSTK/Prefabs/Collectibles/Collectible_WeaponRandom.prefab
  artifactKey: Guid(e62ccb8d26a8b26488aa3daa834513d3) Importer(815301076,1909f56bfc062723c751e8b465ee728b)
Start importing Assets/TDSTK/Prefabs/Collectibles/Collectible_WeaponRandom.prefab using Guid(e62ccb8d26a8b26488aa3daa834513d3) Importer(815301076,1909f56bfc062723c751e8b465ee728b)  -> (artifact id: '5c51cdcdc05aa0dcad6fa4bc512ed951') in 0.031997 seconds 
========================================================================
Received Import Request.
  Time since last request: 0.000025 seconds.
  path: Assets/AllSkyFree/Cartoon Base NightSky/Cartoon Base NightSky Equirect.mat
  artifactKey: Guid(3a6db933fef1d4c759bf21220420505f) Importer(815301076,1909f56bfc062723c751e8b465ee728b)
Start importing Assets/AllSkyFree/Cartoon Base NightSky/Cartoon Base NightSky Equirect.mat using Guid(3a6db933fef1d4c759bf21220420505f) Importer(815301076,1909f56bfc062723c751e8b465ee728b)  -> (artifact id: '110a3a31f46b1187d7e4c4af40cb0fad') in 0.055602 seconds 
========================================================================
Received Import Request.
  Time since last request: 0.000024 seconds.
  path: Assets/TDSTK/Prefabs/Collectibles/Collectible_RailGun_Temp.prefab
  artifactKey: Guid(fc8b27e838294574a86918284d2fbd14) Importer(815301076,1909f56bfc062723c751e8b465ee728b)
Start importing Assets/TDSTK/Prefabs/Collectibles/Collectible_RailGun_Temp.prefab using Guid(fc8b27e838294574a86918284d2fbd14) Importer(815301076,1909f56bfc062723c751e8b465ee728b)  -> (artifact id: 'ea0f9bc5237688a8d6d486eb80f6499c') in 0.097407 seconds 
========================================================================
Received Import Request.
  Time since last request: 0.000030 seconds.
  path: Assets/TDSTK/Textures&Materials/Aura2.mat
  artifactKey: Guid(304c91741ada77343a68b344d9c333b4) Importer(815301076,1909f56bfc062723c751e8b465ee728b)
Start importing Assets/TDSTK/Textures&Materials/Aura2.mat using Guid(304c91741ada77343a68b344d9c333b4) Importer(815301076,1909f56bfc062723c751e8b465ee728b)  -> (artifact id: 'f01add0027a952458d54894f612a2f07') in 0.041849 seconds 
